<?xml version="1.0" encoding="UTF-8"?>
<!-- Generated by org.testng.reporters.JUnitXMLReporter -->
<testsuite hostname="DESKTOP-G072IJM" ignored="2" name="RESTAPITest" tests="4" failures="1" timestamp="14 Aug 2019 10:20:47 GMT" time="27.711" errors="0">
  <testcase name="testGETUserDetails" time="11.661" classname="tests.TestGETRequest">
    <failure type="java.lang.AssertionError" message="Name does not match expected [Eve2] but found [Eve]">
      <![CDATA[java.lang.AssertionError: Name does not match expected [Eve2] but found [Eve]
at tests.TestGETRequest.testGETUserDetails(TestGETRequest.java:51)
... Removed 30 stack frames]]>
    </failure>
  </testcase> <!-- testGETUserDetails -->
  <testcase name="testPOSTRequestDetails" time="5.715" classname="tests.TestPOSTRequest"/>
  <testcase name="testPUTRequestDetails" time="5.662" classname="tests.TestPUTRequest"/>
  <testcase name="testDELETERequestDetails" time="4.439" classname="tests.TestDELETERequest"/>
  <testcase name="@BeforeSuite setup" time="0.0" classname="utilities.BeforeAndAfter">
    <ignored/>
  </testcase> <!-- @BeforeSuite setup -->
  <testcase name="@AfterSuite tearDown" time="0.0" classname="utilities.BeforeAndAfter">
    <ignored/>
  </testcase> <!-- @AfterSuite tearDown -->
</testsuite> <!-- RESTAPITest -->
